<?xml version="1.0" encoding="UTF-8"?>
<!-- Generated by org.testng.reporters.JUnitReportReporter -->
<testsuite skipped="0" hostname="XIPL9722" name="testcases.PDFReader" tests="1" failures="0" timestamp="2021-07-02T14:07:07 IST" time="13.036" errors="0">
  <testcase name="verifyLoginCredentials" time="13.036" classname="testcases.PDFReader"/>
  <system-out/>
</testsuite> <!-- testcases.PDFReader -->
