<?xml version="1.0" encoding="UTF-8"?>
<!-- Generated by org.testng.reporters.JUnitReportReporter -->
<testsuite skipped="0" hostname="XIPL9722" name="demo.Report1" tests="1" failures="0" timestamp="2021-09-15T09:17:32 IST" time="8.809" errors="0">
  <testcase name="testReport" time="8.809" classname="demo.Report1"/>
  <system-out/>
</testsuite> <!-- demo.Report1 -->
