<?xml version="1.0" encoding="UTF-8"?>
<!-- Generated by org.testng.reporters.JUnitReportReporter -->
<testsuite skipped="0" hostname="XIPL9722" name="demo.WebDriverManagerConcept" tests="1" failures="0" timestamp="2021-07-03T07:51:32 IST" time="7.616" errors="0">
  <testcase name="geTitle" time="7.616" classname="demo.WebDriverManagerConcept"/>
  <system-out/>
</testsuite> <!-- demo.WebDriverManagerConcept -->
