<?xml version="1.0" encoding="UTF-8"?>
<!-- Generated by org.testng.reporters.JUnitReportReporter -->
<testsuite hostname="XIPL9722" failures="0" tests="1" name="testcases.TestScripts" time="12.774" errors="0" timestamp="2021-04-01T08:56:56 IST" skipped="0">
  <testcase classname="testcases.TestScripts" name="verifyLoginCredentials" time="12.774"/>
  <system-out/>
</testsuite> <!-- testcases.TestScripts -->
