<?xml version="1.0" encoding="UTF-8"?>
<!-- Generated by org.testng.reporters.JUnitReportReporter -->
<testsuite hostname="XIPL9722" failures="0" tests="1" name="testcases.TestScriptUsingPageFactory" time="10.818" errors="0" timestamp="2021-04-01T10:27:07 IST" skipped="0">
  <testcase classname="testcases.TestScriptUsingPageFactory" name="loginApp" time="10.818"/>
  <system-out/>
</testsuite> <!-- testcases.TestScriptUsingPageFactory -->
